<?xml version="1.0" encoding="utf-8" ?>
<test-results name="Jasmine Results" total="59" failures="1" not-run="0" date="2020-05-19" time="15:20:30">
 <test-suite name="SubtleCryptoExtension" executed="true" success="false" time="6.949">
  <results>
   <test-case name="should generate an RSA key" executed="true" success="false" time="6.938">
    <failure>
     <message><![CDATA[Error: Unrecognized name]]></message>
     <stack-trace><![CDATA[Error: Unrecognized name
    at SubtleCrypto.getProvider (c:\did1\repos\VerifiableCredentials-Crypto-SDK-Typescript\libs\plugin\node_modules\@peculiar\webcrypto\node_modules\webcrypto-core\build\webcrypto-core.js:887:19)
    at SubtleCrypto.generateKey (c:\did1\repos\VerifiableCredentials-Crypto-SDK-Typescript\libs\plugin\node_modules\@peculiar\webcrypto\node_modules\webcrypto-core\build\webcrypto-core.js:756:31)
    at SubtleCryptoExtension.generateKey (c:\did1\repos\VerifiableCredentials-Crypto-SDK-Typescript\libs\plugin\lib\SubtleCrypto.ts:44:42)
    at UserContext.<anonymous> (c:\did1\repos\VerifiableCredentials-Crypto-SDK-Typescript\libs\plugin\tests\SubtleCryptoExtension.spec.ts:33:50)
    at <Jasmine>]]></stack-trace>
    </failure>
   </test-case>
   <test-case name="should generate an ECDSA key" executed="true" success="true" time="0">
   </test-case>
   <test-case name="should generate an oct key" executed="true" success="true" time="0">
   </test-case>
   <test-case name="should sign a message" executed="true" success="true" time="0">
   </test-case>
   <test-case name="should sign a message with key reference options" executed="true" success="true" time="0">
   </test-case>
  </results>
 </test-suite>
 <test-suite name="CryptoFactory" executed="true" success="true" time="0.003">
  <results>
   <test-case name="should create a crypto suite" executed="true" success="true" time="0">
   </test-case>
   <test-case name="should change a crypto suite item" executed="true" success="true" time="0">
   </test-case>
   <test-case name="should normalize a jwk" executed="true" success="true" time="0">
   </test-case>
   <test-case name="should plugin a new algorithm into crypto suite" executed="true" success="true" time="0.002">
   </test-case>
  </results>
 </test-suite>
 <test-suite name="CryptoHelpers" executed="true" success="true" time="0.021">
  <results>
   <test-case name="should return the subtle for W3C &apos;eddsa&apos;" executed="true" success="true" time="0">
   </test-case>
   <test-case name="should return the subtle for W3C &apos;ECDSA&apos;" executed="true" success="true" time="0">
   </test-case>
   <test-case name="should return the subtle for W3C &apos;RSASSA-PKCS1-V1_5&apos;" executed="true" success="true" time="0">
   </test-case>
   <test-case name="should return the subtle for W3C &apos;RSA-OAEP&apos;" executed="true" success="true" time="0">
   </test-case>
   <test-case name="should return the subtle for W3C &apos;RSA-OAEP-256&apos;" executed="true" success="true" time="0">
   </test-case>
   <test-case name="should return the subtle for W3C &apos;AES-GCM&apos;" executed="true" success="true" time="0">
   </test-case>
   <test-case name="should return the subtle for W3C &apos;HMAC&apos;" executed="true" success="true" time="0">
   </test-case>
   <test-case name="should return the subtle for W3C &apos;SHA-256&apos;" executed="true" success="true" time="0">
   </test-case>
   <test-case name="should return the subtle for W3C &apos;SHA-384&apos;" executed="true" success="true" time="0.002">
   </test-case>
   <test-case name="should return the subtle for W3C &apos;SHA-512&apos;" executed="true" success="true" time="0">
   </test-case>
   <test-case name="should return W3C for JWA &apos;RSASSA-PKCS1-V1_5&apos;" executed="true" success="true" time="0">
   </test-case>
   <test-case name="should return W3C for JWA &apos;ECDSA&apos;" executed="true" success="true" time="0">
   </test-case>
   <test-case name="should return W3C for JWA &apos;EDDSA&apos;" executed="true" success="true" time="0">
   </test-case>
   <test-case name="should return W3C for JWA &apos;RSA-OAEP-256&apos;" executed="true" success="true" time="0">
   </test-case>
   <test-case name="should return W3C for JWA &apos;RSA-OAEP&apos;" executed="true" success="true" time="0">
   </test-case>
   <test-case name="should return W3C for JWA &apos;AES-GCM&apos;" executed="true" success="true" time="0">
   </test-case>
   <test-case name="should return W3C for JWA &apos;HMAC&apos;" executed="true" success="true" time="0">
   </test-case>
   <test-case name="should return W3C for JWA &apos;SHA-256&apos;" executed="true" success="true" time="0">
   </test-case>
   <test-case name="should return W3C for JWA &apos;SHA-384&apos;" executed="true" success="true" time="0.002">
   </test-case>
   <test-case name="should return W3C for JWA &apos;SHA-512&apos;" executed="true" success="true" time="0">
   </test-case>
   <test-case name="should return JWA for W3C &apos;RSASSA-PKCS1-V1_5&apos;" executed="true" success="true" time="0">
   </test-case>
   <test-case name="should return JWA for W3C &apos;ECDSA&apos;" executed="true" success="true" time="0">
   </test-case>
   <test-case name="should return JWA for W3C &apos;EDDSA&apos;" executed="true" success="true" time="0">
   </test-case>
   <test-case name="should return JWA for W3C &apos;RSA-OAEP-256&apos;" executed="true" success="true" time="0">
   </test-case>
   <test-case name="should return JWA for W3C &apos;RSA-OAEP&apos;" executed="true" success="true" time="0">
   </test-case>
   <test-case name="should return JWA for W3C &apos;AES-GCM&apos;" executed="true" success="true" time="0">
   </test-case>
   <test-case name="should return JWA for W3C &apos;HMAC&apos;" executed="true" success="true" time="0">
   </test-case>
   <test-case name="should return JWA for W3C &apos;SHA-256&apos;" executed="true" success="true" time="0">
   </test-case>
   <test-case name="should return JWA for W3C &apos;SHA-384&apos;" executed="true" success="true" time="0.002">
   </test-case>
   <test-case name="should return JWA for W3C &apos;SHA-512&apos;" executed="true" success="true" time="0">
   </test-case>
   <test-case name="should return getKeyImportAlgorithm for JWA &apos;RSASSA-PKCS1-V1_5&apos;" executed="true" success="true" time="0">
   </test-case>
  </results>
 </test-suite>
 <test-suite name="CryptoFactoryBrowser" executed="true" success="true" time="0">
  <results>
   <test-case name="should create a CryptoFactoryBrowser" executed="true" success="true" time="0">
   </test-case>
  </results>
 </test-suite>
 <test-suite name="PairwiseKey" executed="true" success="true" time="0.012">
  <results>
   <test-case name="should throw because the algorithm is not supported for pairwise key generation" executed="true" success="true" time="0">
   </test-case>
   <test-case name="should throw because the EC curve is not supported for pairwise key generation" executed="true" success="true" time="0">
   </test-case>
   <test-case name="should generate a masterkey" executed="true" success="true" time="0">
   </test-case>
   <test-case name="should generate the same keys as in the EC reference file" executed="true" success="true" time="0">
   </test-case>
   <test-case name="should generate the same keys as in the RSA reference file" executed="true" success="true" time="0.003">
   </test-case>
   <test-case name="should generate a 2048 bit pairwise RSA key" executed="true" success="true" time="0">
   </test-case>
   <test-case name="should generate a deterministic pairwise key capable of signing" executed="true" success="true" time="0">
   </test-case>
   <test-case name="should generate a deterministic pairwise key" executed="true" success="true" time="0">
   </test-case>
   <test-case name="should generate unique pairwise keys for different personas" executed="true" success="true" time="0">
   </test-case>
   <test-case name="should generate unique pairwise identifiers using a different seed" executed="true" success="true" time="0">
   </test-case>
   <test-case name="should generate unique pairwise identifiers for different peers" executed="true" success="true" time="0">
   </test-case>
  </results>
 </test-suite>
 <test-suite name="SubtleCrypto" executed="true" success="true" time="0.004">
  <results>
   <test-case name="should create SubtleCrypto" executed="true" success="true" time="0">
   </test-case>
   <test-case name="should generate key" executed="true" success="true" time="0">
   </test-case>
   <test-case name="should import/export key" executed="true" success="true" time="0.002">
   </test-case>
   <test-case name="should sign/verify" executed="true" success="true" time="0">
   </test-case>
   <test-case name="should digest" executed="true" success="true" time="0">
   </test-case>
   <test-case name="should encrypt/decrypt" executed="true" success="true" time="0">
   </test-case>
   <test-case name="should wrap/unwrap" executed="true" success="true" time="0">
   </test-case>
  </results>
 </test-suite>
</test-results>