<?xml version="1.0" ?>
<!DOCTYPE coverage SYSTEM "http://cobertura.sourceforge.net/xml/coverage-04.dtd">
<coverage lines-valid="239" lines-covered="239" line-rate="1" branches-valid="86" branches-covered="86" branch-rate="1" timestamp="1589793709562" complexity="0" version="0.1">
  <sources>
    <source>C:\did1\repos\VerifiableCredentials-Crypto-SDK-Typescript\libs\keys</source>
  </sources>
  <packages>
    <package name="lib" line-rate="1" branch-rate="1">
      <classes>
        <class name="JoseConstants.ts" filename="lib\JoseConstants.ts" line-rate="1" branch-rate="1">
          <methods>
            <method name="(anonymous_0)" hits="1" signature="()V">
              <lines>
                <line number="9" hits="1"/>
              </lines>
            </method>
          </methods>
          <lines>
            <line number="9" hits="1" branch="false"/>
            <line number="14" hits="1" branch="false"/>
            <line number="19" hits="1" branch="false"/>
            <line number="24" hits="1" branch="false"/>
            <line number="29" hits="1" branch="false"/>
            <line number="34" hits="1" branch="false"/>
            <line number="39" hits="1" branch="false"/>
            <line number="44" hits="1" branch="false"/>
            <line number="49" hits="1" branch="false"/>
            <line number="54" hits="1" branch="false"/>
            <line number="59" hits="1" branch="false"/>
            <line number="64" hits="1" branch="false"/>
            <line number="69" hits="1" branch="false"/>
            <line number="74" hits="1" branch="false"/>
            <line number="79" hits="1" branch="false"/>
            <line number="84" hits="1" branch="false"/>
            <line number="89" hits="1" branch="false"/>
            <line number="94" hits="1" branch="false"/>
            <line number="99" hits="1" branch="false"/>
            <line number="104" hits="1" branch="false"/>
            <line number="109" hits="1" branch="false"/>
            <line number="114" hits="1" branch="false"/>
            <line number="119" hits="1" branch="false"/>
            <line number="124" hits="1" branch="false"/>
            <line number="129" hits="1" branch="false"/>
            <line number="134" hits="1" branch="false"/>
            <line number="139" hits="1" branch="false"/>
            <line number="144" hits="1" branch="false"/>
            <line number="149" hits="1" branch="false"/>
            <line number="154" hits="1" branch="false"/>
            <line number="159" hits="1" branch="false"/>
            <line number="164" hits="1" branch="false"/>
            <line number="169" hits="1" branch="false"/>
            <line number="174" hits="1" branch="false"/>
            <line number="179" hits="1" branch="false"/>
            <line number="184" hits="1" branch="false"/>
            <line number="189" hits="1" branch="false"/>
            <line number="194" hits="1" branch="false"/>
            <line number="199" hits="1" branch="false"/>
            <line number="204" hits="1" branch="false"/>
            <line number="206" hits="1" branch="false"/>
          </lines>
        </class>
        <class name="JsonWebKey.ts" filename="lib\JsonWebKey.ts" line-rate="1" branch-rate="1">
          <methods>
            <method name="(anonymous_0)" hits="1" signature="()V">
              <lines>
                <line number="12" hits="1"/>
              </lines>
            </method>
            <method name="(anonymous_1)" hits="10" signature="()V">
              <lines>
                <line number="58" hits="10"/>
              </lines>
            </method>
          </methods>
          <lines>
            <line number="12" hits="1" branch="true" condition-coverage="100% (2/2)"/>
            <line number="13" hits="1" branch="false"/>
            <line number="14" hits="1" branch="false"/>
            <line number="15" hits="1" branch="false"/>
            <line number="16" hits="1" branch="false"/>
            <line number="17" hits="1" branch="false"/>
            <line number="18" hits="1" branch="false"/>
            <line number="19" hits="1" branch="false"/>
            <line number="20" hits="1" branch="false"/>
            <line number="29" hits="1" branch="false"/>
            <line number="38" hits="10" branch="false"/>
            <line number="59" hits="10" branch="false"/>
            <line number="60" hits="10" branch="false"/>
            <line number="61" hits="10" branch="false"/>
            <line number="62" hits="10" branch="false"/>
            <line number="63" hits="10" branch="false"/>
          </lines>
        </class>
        <class name="KeyContainer.ts" filename="lib\KeyContainer.ts" line-rate="1" branch-rate="1">
          <methods>
            <method name="(anonymous_0)" hits="1" signature="()V">
              <lines>
                <line number="18" hits="1"/>
              </lines>
            </method>
            <method name="(anonymous_1)" hits="5" signature="()V">
              <lines>
                <line number="30" hits="5"/>
              </lines>
            </method>
            <method name="(anonymous_2)" hits="4" signature="()V">
              <lines>
                <line number="37" hits="4"/>
              </lines>
            </method>
            <method name="(anonymous_3)" hits="1" signature="()V">
              <lines>
                <line number="44" hits="1"/>
              </lines>
            </method>
            <method name="(anonymous_4)" hits="3" signature="()V">
              <lines>
                <line number="51" hits="3"/>
              </lines>
            </method>
            <method name="(anonymous_5)" hits="6" signature="()V">
              <lines>
                <line number="67" hits="6"/>
              </lines>
            </method>
            <method name="(anonymous_6)" hits="3" signature="()V">
              <lines>
                <line number="75" hits="3"/>
              </lines>
            </method>
          </methods>
          <lines>
            <line number="14" hits="1" branch="false"/>
            <line number="19" hits="1" branch="false"/>
            <line number="31" hits="5" branch="false"/>
            <line number="38" hits="4" branch="false"/>
            <line number="45" hits="1" branch="false"/>
            <line number="53" hits="3" branch="true" condition-coverage="100% (4/4)"/>
            <line number="54" hits="1" branch="false"/>
            <line number="57" hits="2" branch="true" condition-coverage="100% (4/4)"/>
            <line number="58" hits="1" branch="false"/>
            <line number="61" hits="1" branch="false"/>
            <line number="69" hits="6" branch="false"/>
            <line number="76" hits="3" branch="true" condition-coverage="100% (4/4)"/>
            <line number="77" hits="2" branch="true" condition-coverage="100% (2/2)"/>
            <line number="80" hits="1" branch="false"/>
          </lines>
        </class>
        <class name="KeyTypeFactory.ts" filename="lib\KeyTypeFactory.ts" line-rate="1" branch-rate="1">
          <methods>
            <method name="(anonymous_0)" hits="1" signature="()V">
              <lines>
                <line number="9" hits="1"/>
              </lines>
            </method>
            <method name="(anonymous_1)" hits="8" signature="()V">
              <lines>
                <line number="24" hits="8"/>
              </lines>
            </method>
            <method name="(anonymous_2)" hits="13" signature="()V">
              <lines>
                <line number="54" hits="13"/>
              </lines>
            </method>
          </methods>
          <lines>
            <line number="9" hits="1" branch="true" condition-coverage="100% (2/2)"/>
            <line number="10" hits="1" branch="false"/>
            <line number="11" hits="1" branch="false"/>
            <line number="12" hits="1" branch="false"/>
            <line number="13" hits="1" branch="false"/>
            <line number="19" hits="1" branch="false"/>
            <line number="25" hits="8" branch="false"/>
            <line number="27" hits="1" branch="false"/>
            <line number="30" hits="1" branch="false"/>
            <line number="33" hits="1" branch="false"/>
            <line number="36" hits="1" branch="false"/>
            <line number="39" hits="1" branch="false"/>
            <line number="43" hits="2" branch="false"/>
            <line number="46" hits="1" branch="false"/>
            <line number="55" hits="13" branch="false"/>
            <line number="61" hits="5" branch="false"/>
            <line number="65" hits="3" branch="false"/>
            <line number="70" hits="4" branch="false"/>
            <line number="73" hits="1" branch="false"/>
          </lines>
        </class>
        <class name="KeyUseFactory.ts" filename="lib\KeyUseFactory.ts" line-rate="1" branch-rate="1">
          <methods>
            <method name="(anonymous_0)" hits="1" signature="()V">
              <lines>
                <line number="9" hits="1"/>
              </lines>
            </method>
            <method name="(anonymous_1)" hits="8" signature="()V">
              <lines>
                <line number="22" hits="8"/>
              </lines>
            </method>
            <method name="(anonymous_2)" hits="12" signature="()V">
              <lines>
                <line number="52" hits="12"/>
              </lines>
            </method>
          </methods>
          <lines>
            <line number="9" hits="1" branch="true" condition-coverage="100% (2/2)"/>
            <line number="10" hits="1" branch="false"/>
            <line number="11" hits="1" branch="false"/>
            <line number="17" hits="1" branch="false"/>
            <line number="23" hits="8" branch="false"/>
            <line number="25" hits="1" branch="false"/>
            <line number="28" hits="1" branch="false"/>
            <line number="31" hits="1" branch="false"/>
            <line number="34" hits="1" branch="false"/>
            <line number="37" hits="1" branch="false"/>
            <line number="41" hits="2" branch="false"/>
            <line number="44" hits="1" branch="false"/>
            <line number="53" hits="12" branch="false"/>
            <line number="61" hits="6" branch="false"/>
            <line number="67" hits="5" branch="false"/>
            <line number="70" hits="1" branch="false"/>
          </lines>
        </class>
        <class name="PrivateKey.ts" filename="lib\PrivateKey.ts" line-rate="1" branch-rate="1">
          <methods>
          </methods>
          <lines>
            <line number="7" hits="1" branch="false"/>
            <line number="15" hits="1" branch="false"/>
          </lines>
        </class>
        <class name="PublicKey.ts" filename="lib\PublicKey.ts" line-rate="1" branch-rate="1">
          <methods>
            <method name="(anonymous_0)" hits="1" signature="()V">
              <lines>
                <line number="13" hits="1"/>
              </lines>
            </method>
            <method name="(anonymous_1)" hits="1" signature="()V">
              <lines>
                <line number="35" hits="1"/>
              </lines>
            </method>
          </methods>
          <lines>
            <line number="6" hits="1" branch="false"/>
            <line number="7" hits="1" branch="false"/>
            <line number="8" hits="1" branch="false"/>
            <line number="13" hits="1" branch="true" condition-coverage="100% (2/2)"/>
            <line number="14" hits="1" branch="false"/>
            <line number="15" hits="1" branch="false"/>
            <line number="16" hits="1" branch="false"/>
            <line number="17" hits="1" branch="false"/>
            <line number="18" hits="1" branch="false"/>
            <line number="19" hits="1" branch="false"/>
            <line number="20" hits="1" branch="false"/>
            <line number="21" hits="1" branch="false"/>
            <line number="30" hits="1" branch="false"/>
            <line number="36" hits="1" branch="false"/>
            <line number="37" hits="1" branch="false"/>
            <line number="38" hits="1" branch="false"/>
          </lines>
        </class>
        <class name="SecretKey.ts" filename="lib\SecretKey.ts" line-rate="1" branch-rate="1">
          <methods>
          </methods>
          <lines>
            <line number="5" hits="1" branch="false"/>
            <line number="12" hits="1" branch="false"/>
          </lines>
        </class>
        <class name="W3cCryptoApiConstants.ts" filename="lib\W3cCryptoApiConstants.ts" line-rate="1" branch-rate="1">
          <methods>
            <method name="(anonymous_0)" hits="1" signature="()V">
              <lines>
                <line number="9" hits="1"/>
              </lines>
            </method>
          </methods>
          <lines>
            <line number="9" hits="1" branch="false"/>
            <line number="13" hits="1" branch="false"/>
            <line number="18" hits="1" branch="false"/>
            <line number="23" hits="1" branch="false"/>
            <line number="28" hits="1" branch="false"/>
            <line number="33" hits="1" branch="false"/>
            <line number="38" hits="1" branch="false"/>
            <line number="43" hits="1" branch="false"/>
            <line number="44" hits="1" branch="false"/>
          </lines>
        </class>
        <class name="index.ts" filename="lib\index.ts" line-rate="1" branch-rate="1">
          <methods>
            <method name="(anonymous_0)" hits="38" signature="()V">
              <lines>
                <line number="22" hits="38"/>
              </lines>
            </method>
            <method name="(anonymous_1)" hits="25" signature="()V">
              <lines>
                <line number="22" hits="25"/>
              </lines>
            </method>
            <method name="(anonymous_2)" hits="2" signature="()V">
              <lines>
                <line number="22" hits="2"/>
              </lines>
            </method>
          </methods>
          <lines>
            <line number="6" hits="1" branch="false"/>
            <line number="7" hits="1" branch="false"/>
            <line number="8" hits="1" branch="false"/>
            <line number="9" hits="1" branch="false"/>
            <line number="10" hits="1" branch="false"/>
            <line number="11" hits="1" branch="false"/>
            <line number="12" hits="1" branch="false"/>
            <line number="13" hits="1" branch="false"/>
            <line number="14" hits="1" branch="false"/>
            <line number="15" hits="1" branch="false"/>
            <line number="16" hits="1" branch="false"/>
            <line number="17" hits="1" branch="false"/>
            <line number="19" hits="1" branch="false"/>
            <line number="20" hits="1" branch="false"/>
            <line number="21" hits="1" branch="false"/>
            <line number="22" hits="39" branch="false"/>
            <line number="24" hits="1" branch="false"/>
            <line number="25" hits="1" branch="false"/>
            <line number="26" hits="1" branch="false"/>
          </lines>
        </class>
      </classes>
    </package>
    <package name="lib.Oct" line-rate="1" branch-rate="1">
      <classes>
        <class name="OctKey.ts" filename="lib\Oct\OctKey.ts" line-rate="1" branch-rate="1">
          <methods>
            <method name="(anonymous_0)" hits="1" signature="()V">
              <lines>
                <line number="28" hits="1"/>
              </lines>
            </method>
          </methods>
          <lines>
            <line number="5" hits="1" branch="false"/>
            <line number="6" hits="1" branch="false"/>
            <line number="14" hits="1" branch="false"/>
            <line number="23" hits="1" branch="false"/>
            <line number="29" hits="1" branch="false"/>
            <line number="30" hits="1" branch="false"/>
          </lines>
        </class>
      </classes>
    </package>
    <package name="lib.ec" line-rate="1" branch-rate="1">
      <classes>
        <class name="EcPrivateKey.ts" filename="lib\ec\EcPrivateKey.ts" line-rate="1" branch-rate="1">
          <methods>
            <method name="(anonymous_0)" hits="2" signature="()V">
              <lines>
                <line number="31" hits="2"/>
              </lines>
            </method>
            <method name="(anonymous_1)" hits="2" signature="()V">
              <lines>
                <line number="40" hits="2"/>
              </lines>
            </method>
          </methods>
          <lines>
            <line number="6" hits="1" branch="false"/>
            <line number="9" hits="1" branch="false"/>
            <line number="10" hits="1" branch="false"/>
            <line number="17" hits="1" branch="false"/>
            <line number="21" hits="2" branch="false"/>
            <line number="32" hits="2" branch="false"/>
            <line number="33" hits="2" branch="true" condition-coverage="100% (2/2)"/>
            <line number="41" hits="2" branch="false"/>
            <line number="42" hits="2" branch="false"/>
            <line number="43" hits="2" branch="false"/>
          </lines>
        </class>
        <class name="EcPublicKey.ts" filename="lib\ec\EcPublicKey.ts" line-rate="1" branch-rate="1">
          <methods>
            <method name="(anonymous_0)" hits="6" signature="()V">
              <lines>
                <line number="32" hits="6"/>
              </lines>
            </method>
          </methods>
          <lines>
            <line number="5" hits="1" branch="false"/>
            <line number="6" hits="1" branch="false"/>
            <line number="8" hits="1" branch="false"/>
            <line number="15" hits="1" branch="false"/>
            <line number="33" hits="6" branch="false"/>
            <line number="34" hits="6" branch="false"/>
            <line number="35" hits="6" branch="true" condition-coverage="100% (2/2)"/>
            <line number="36" hits="6" branch="true" condition-coverage="100% (2/2)"/>
            <line number="38" hits="4" branch="true" condition-coverage="100% (2/2)"/>
            <line number="39" hits="4" branch="false"/>
            <line number="41" hits="2" branch="false"/>
            <line number="42" hits="2" branch="false"/>
          </lines>
        </class>
        <class name="EllipticCurveSubtleKey.ts" filename="lib\ec\EllipticCurveSubtleKey.ts" line-rate="1" branch-rate="1">
          <methods>
            <method name="(anonymous_0)" hits="1" signature="()V">
              <lines>
                <line number="47" hits="1"/>
              </lines>
            </method>
          </methods>
          <lines>
            <line number="6" hits="1" branch="false"/>
            <line number="12" hits="1" branch="false"/>
            <line number="48" hits="1" branch="false"/>
            <line number="49" hits="1" branch="false"/>
            <line number="50" hits="1" branch="false"/>
            <line number="51" hits="1" branch="false"/>
            <line number="52" hits="1" branch="false"/>
            <line number="53" hits="1" branch="false"/>
          </lines>
        </class>
        <class name="OkpPrivateKey.ts" filename="lib\ec\OkpPrivateKey.ts" line-rate="1" branch-rate="1">
          <methods>
            <method name="(anonymous_0)" hits="1" signature="()V">
              <lines>
                <line number="30" hits="1"/>
              </lines>
            </method>
            <method name="(anonymous_1)" hits="2" signature="()V">
              <lines>
                <line number="39" hits="2"/>
              </lines>
            </method>
          </methods>
          <lines>
            <line number="6" hits="1" branch="false"/>
            <line number="9" hits="1" branch="false"/>
            <line number="16" hits="1" branch="false"/>
            <line number="20" hits="1" branch="false"/>
            <line number="31" hits="1" branch="false"/>
            <line number="32" hits="1" branch="false"/>
            <line number="40" hits="2" branch="false"/>
            <line number="41" hits="2" branch="false"/>
            <line number="42" hits="2" branch="false"/>
          </lines>
        </class>
      </classes>
    </package>
    <package name="lib.rsa" line-rate="1" branch-rate="1">
      <classes>
        <class name="RsaPrivateKey.ts" filename="lib\rsa\RsaPrivateKey.ts" line-rate="1" branch-rate="1">
          <methods>
            <method name="(anonymous_0)" hits="2" signature="()V">
              <lines>
                <line number="47" hits="2"/>
              </lines>
            </method>
            <method name="(anonymous_1)" hits="4" signature="()V">
              <lines>
                <line number="61" hits="4"/>
              </lines>
            </method>
          </methods>
          <lines>
            <line number="6" hits="1" branch="false"/>
            <line number="9" hits="1" branch="false"/>
            <line number="10" hits="1" branch="false"/>
            <line number="17" hits="1" branch="false"/>
            <line number="48" hits="2" branch="false"/>
            <line number="49" hits="2" branch="true" condition-coverage="100% (2/2)"/>
            <line number="50" hits="2" branch="true" condition-coverage="100% (2/2)"/>
            <line number="51" hits="2" branch="true" condition-coverage="100% (2/2)"/>
            <line number="52" hits="2" branch="true" condition-coverage="100% (2/2)"/>
            <line number="53" hits="2" branch="true" condition-coverage="100% (2/2)"/>
            <line number="54" hits="2" branch="true" condition-coverage="100% (2/2)"/>
            <line number="62" hits="4" branch="false"/>
            <line number="63" hits="4" branch="false"/>
            <line number="64" hits="4" branch="false"/>
            <line number="65" hits="4" branch="false"/>
            <line number="66" hits="4" branch="false"/>
            <line number="67" hits="4" branch="false"/>
            <line number="68" hits="4" branch="false"/>
            <line number="69" hits="4" branch="false"/>
          </lines>
        </class>
        <class name="RsaPublicKey.ts" filename="lib\rsa\RsaPublicKey.ts" line-rate="1" branch-rate="1">
          <methods>
            <method name="(anonymous_0)" hits="3" signature="()V">
              <lines>
                <line number="35" hits="3"/>
              </lines>
            </method>
          </methods>
          <lines>
            <line number="5" hits="1" branch="false"/>
            <line number="6" hits="1" branch="false"/>
            <line number="7" hits="1" branch="false"/>
            <line number="14" hits="1" branch="false"/>
            <line number="26" hits="3" branch="false"/>
            <line number="30" hits="3" branch="false"/>
            <line number="36" hits="3" branch="false"/>
            <line number="37" hits="3" branch="false"/>
            <line number="38" hits="3" branch="false"/>
            <line number="39" hits="3" branch="false"/>
            <line number="40" hits="3" branch="false"/>
            <line number="41" hits="3" branch="true" condition-coverage="100% (2/2)"/>
            <line number="42" hits="3" branch="true" condition-coverage="100% (2/2)"/>
          </lines>
        </class>
        <class name="RsaSubtleKey.ts" filename="lib\rsa\RsaSubtleKey.ts" line-rate="1" branch-rate="1">
          <methods>
            <method name="(anonymous_0)" hits="1" signature="()V">
              <lines>
                <line number="47" hits="1"/>
              </lines>
            </method>
          </methods>
          <lines>
            <line number="6" hits="1" branch="false"/>
            <line number="12" hits="1" branch="false"/>
            <line number="48" hits="1" branch="false"/>
            <line number="49" hits="1" branch="false"/>
            <line number="50" hits="1" branch="false"/>
            <line number="51" hits="1" branch="false"/>
            <line number="52" hits="1" branch="false"/>
            <line number="53" hits="1" branch="false"/>
          </lines>
        </class>
      </classes>
    </package>
  </packages>
</coverage>
